Loading models...
  Loading BI ... '' is not a valid SBML 'SId'.
Set parameter Username
Set parameter LicenseID to value 2806771
Set parameter Threads to value 1
1.7s  (1743 rxns, 155 exchange)
  Loading CF ... '' is not a valid SBML 'SId'.
1.8s  (1744 rxns, 154 exchange)
  Loading EA ... '' is not a valid SBML 'SId'.
1.6s  (1644 rxns, 153 exchange)
  Loading EC ... '' is not a valid SBML 'SId'.
1.8s  (1833 rxns, 177 exchange)
  Loading EL ... '' is not a valid SBML 'SId'.
2.0s  (1848 rxns, 189 exchange)
  Loading KA ... '' is not a valid SBML 'SId'.
1.8s  (1763 rxns, 159 exchange)
  Loading LA ... '' is not a valid SBML 'SId'.
1.8s  (1699 rxns, 157 exchange)
  Loading PAg1 ... '' is not a valid SBML 'SId'.
1.8s  (1686 rxns, 157 exchange)
  Loading PAg2 ... '' is not a valid SBML 'SId'.
1.5s  (1702 rxns, 157 exchange)
  Loading PAg3 ... '' is not a valid SBML 'SId'.
1.8s  (1688 rxns, 155 exchange)
  Loading PAl ... '' is not a valid SBML 'SId'.
1.8s  (1700 rxns, 151 exchange)
  Loading PAr ... '' is not a valid SBML 'SId'.
1.9s  (1677 rxns, 145 exchange)
  Loading PH ... '' is not a valid SBML 'SId'.
1.6s  (1639 rxns, 143 exchange)
  Loading PK ... '' is not a valid SBML 'SId'.
1.9s  (1664 rxns, 145 exchange)
  Loading PP ... '' is not a valid SBML 'SId'.
1.9s  (1602 rxns, 138 exchange)
  Loading PR1 ... '' is not a valid SBML 'SId'.
1.6s  (1658 rxns, 152 exchange)
  Loading PR2 ... '' is not a valid SBML 'SId'.
1.9s  (1604 rxns, 141 exchange)
  Loading RP1 ... '' is not a valid SBML 'SId'.
2.2s  (1872 rxns, 174 exchange)
  Loading RP2 ... '' is not a valid SBML 'SId'.
1.8s  (1872 rxns, 174 exchange)
  Loading SF ... '' is not a valid SBML 'SId'.
2.1s  (1767 rxns, 153 exchange)
  20 models loaded.

Loading media...
  36 non-M9 media loaded.

Running 190 unordered pairs x 36 media = 6840 community-medium jobs.

'' is not a valid SBML 'SId'.
'' is not a valid SBML 'SId'.
'' is not a valid SBML 'SId'.
'' is not a valid SBML 'SId'.
'' is not a valid SBML 'SId'.
'' is not a valid SBML 'SId'.
'' is not a valid SBML 'SId'.
'' is not a valid SBML 'SId'.
'' is not a valid SBML 'SId'.
'' is not a valid SBML 'SId'.
'' is not a valid SBML 'SId'.
'' is not a valid SBML 'SId'.
'' is not a valid SBML 'SId'.
'' is not a valid SBML 'SId'.
'' is not a valid SBML 'SId'.
'' is not a valid SBML 'SId'.
'' is not a valid SBML 'SId'.
'' is not a valid SBML 'SId'.
'' is not a valid SBML 'SId'.
'' is not a valid SBML 'SId'.
'' is not a valid SBML 'SId'.
'' is not a valid SBML 'SId'.
'' is not a valid SBML 'SId'.
'' is not a valid SBML 'SId'.
'' is not a valid SBML 'SId'.
'' is not a valid SBML 'SId'.
'' is not a valid SBML 'SId'.
'' is not a valid SBML 'SId'.
'' is not a valid SBML 'SId'.
'' is not a valid SBML 'SId'.
'' is not a valid SBML 'SId'.
'' is not a valid SBML 'SId'.
'' is not a valid SBML 'SId'.
'' is not a valid SBML 'SId'.
'' is not a valid SBML 'SId'.
'' is not a valid SBML 'SId'.
'' is not a valid SBML 'SId'.
'' is not a valid SBML 'SId'.
'' is not a valid SBML 'SId'.
'' is not a valid SBML 'SId'.
'' is not a valid SBML 'SId'.
'' is not a valid SBML 'SId'.
'' is not a valid SBML 'SId'.
'' is not a valid SBML 'SId'.
'' is not a valid SBML 'SId'.
'' is not a valid SBML 'SId'.
'' is not a valid SBML 'SId'.
'' is not a valid SBML 'SId'.
'' is not a valid SBML 'SId'.
'' is not a valid SBML 'SId'.
'' is not a valid SBML 'SId'.
'' is not a valid SBML 'SId'.
'' is not a valid SBML 'SId'.
'' is not a valid SBML 'SId'.
'' is not a valid SBML 'SId'.
'' is not a valid SBML 'SId'.
'' is not a valid SBML 'SId'.
'' is not a valid SBML 'SId'.
'' is not a valid SBML 'SId'.
'' is not a valid SBML 'SId'.
'' is not a valid SBML 'SId'.
'' is not a valid SBML 'SId'.
'' is not a valid SBML 'SId'.
'' is not a valid SBML 'SId'.
'' is not a valid SBML 'SId'.
'' is not a valid SBML 'SId'.
'' is not a valid SBML 'SId'.
'' is not a valid SBML 'SId'.
'' is not a valid SBML 'SId'.
'' is not a valid SBML 'SId'.
'' is not a valid SBML 'SId'.
'' is not a valid SBML 'SId'.
'' is not a valid SBML 'SId'.
'' is not a valid SBML 'SId'.
'' is not a valid SBML 'SId'.
'' is not a valid SBML 'SId'.
'' is not a valid SBML 'SId'.
'' is not a valid SBML 'SId'.
'' is not a valid SBML 'SId'.
'' is not a valid SBML 'SId'.
'' is not a valid SBML 'SId'.
'' is not a valid SBML 'SId'.
'' is not a valid SBML 'SId'.
'' is not a valid SBML 'SId'.
'' is not a valid SBML 'SId'.
'' is not a valid SBML 'SId'.
'' is not a valid SBML 'SId'.
'' is not a valid SBML 'SId'.
'' is not a valid SBML 'SId'.
'' is not a valid SBML 'SId'.
'' is not a valid SBML 'SId'.
'' is not a valid SBML 'SId'.
'' is not a valid SBML 'SId'.
'' is not a valid SBML 'SId'.
'' is not a valid SBML 'SId'.
'' is not a valid SBML 'SId'.
'' is not a valid SBML 'SId'.
'' is not a valid SBML 'SId'.
'' is not a valid SBML 'SId'.
'' is not a valid SBML 'SId'.
'' is not a valid SBML 'SId'.
'' is not a valid SBML 'SId'.
'' is not a valid SBML 'SId'.
'' is not a valid SBML 'SId'.
'' is not a valid SBML 'SId'.
'' is not a valid SBML 'SId'.
'' is not a valid SBML 'SId'.
'' is not a valid SBML 'SId'.
'' is not a valid SBML 'SId'.
'' is not a valid SBML 'SId'.
'' is not a valid SBML 'SId'.
'' is not a valid SBML 'SId'.
'' is not a valid SBML 'SId'.
'' is not a valid SBML 'SId'.
'' is not a valid SBML 'SId'.
'' is not a valid SBML 'SId'.
'' is not a valid SBML 'SId'.
'' is not a valid SBML 'SId'.
'' is not a valid SBML 'SId'.
'' is not a valid SBML 'SId'.
'' is not a valid SBML 'SId'.
'' is not a valid SBML 'SId'.
'' is not a valid SBML 'SId'.
'' is not a valid SBML 'SId'.
'' is not a valid SBML 'SId'.
'' is not a valid SBML 'SId'.
'' is not a valid SBML 'SId'.
'' is not a valid SBML 'SId'.
'' is not a valid SBML 'SId'.
'' is not a valid SBML 'SId'.
'' is not a valid SBML 'SId'.
'' is not a valid SBML 'SId'.
'' is not a valid SBML 'SId'.
'' is not a valid SBML 'SId'.
'' is not a valid SBML 'SId'.
'' is not a valid SBML 'SId'.
'' is not a valid SBML 'SId'.
'' is not a valid SBML 'SId'.
'' is not a valid SBML 'SId'.
'' is not a valid SBML 'SId'.
'' is not a valid SBML 'SId'.
'' is not a valid SBML 'SId'.
'' is not a valid SBML 'SId'.
'' is not a valid SBML 'SId'.
'' is not a valid SBML 'SId'.
'' is not a valid SBML 'SId'.
'' is not a valid SBML 'SId'.
'' is not a valid SBML 'SId'.
'' is not a valid SBML 'SId'.
'' is not a valid SBML 'SId'.
'' is not a valid SBML 'SId'.
'' is not a valid SBML 'SId'.
'' is not a valid SBML 'SId'.
'' is not a valid SBML 'SId'.
'' is not a valid SBML 'SId'.
'' is not a valid SBML 'SId'.
'' is not a valid SBML 'SId'.
'' is not a valid SBML 'SId'.
'' is not a valid SBML 'SId'.
'' is not a valid SBML 'SId'.
'' is not a valid SBML 'SId'.
'' is not a valid SBML 'SId'.
'' is not a valid SBML 'SId'.
'' is not a valid SBML 'SId'.
'' is not a valid SBML 'SId'.
'' is not a valid SBML 'SId'.
'' is not a valid SBML 'SId'.
'' is not a valid SBML 'SId'.
'' is not a valid SBML 'SId'.
'' is not a valid SBML 'SId'.
'' is not a valid SBML 'SId'.
'' is not a valid SBML 'SId'.
'' is not a valid SBML 'SId'.
'' is not a valid SBML 'SId'.
'' is not a valid SBML 'SId'.
'' is not a valid SBML 'SId'.
'' is not a valid SBML 'SId'.
'' is not a valid SBML 'SId'.
'' is not a valid SBML 'SId'.
'' is not a valid SBML 'SId'.
'' is not a valid SBML 'SId'.
'' is not a valid SBML 'SId'.
'' is not a valid SBML 'SId'.
'' is not a valid SBML 'SId'.
'' is not a valid SBML 'SId'.
'' is not a valid SBML 'SId'.
'' is not a valid SBML 'SId'.
'' is not a valid SBML 'SId'.
'' is not a valid SBML 'SId'.
'' is not a valid SBML 'SId'.
'' is not a valid SBML 'SId'.
'' is not a valid SBML 'SId'.
'' is not a valid SBML 'SId'.
'' is not a valid SBML 'SId'.
'' is not a valid SBML 'SId'.
'' is not a valid SBML 'SId'.
'' is not a valid SBML 'SId'.
'' is not a valid SBML 'SId'.
'' is not a valid SBML 'SId'.
'' is not a valid SBML 'SId'.
'' is not a valid SBML 'SId'.
'' is not a valid SBML 'SId'.
'' is not a valid SBML 'SId'.
'' is not a valid SBML 'SId'.
'' is not a valid SBML 'SId'.
'' is not a valid SBML 'SId'.
'' is not a valid SBML 'SId'.
'' is not a valid SBML 'SId'.
'' is not a valid SBML 'SId'.
'' is not a valid SBML 'SId'.
'' is not a valid SBML 'SId'.
'' is not a valid SBML 'SId'.
'' is not a valid SBML 'SId'.
'' is not a valid SBML 'SId'.
'' is not a valid SBML 'SId'.
'' is not a valid SBML 'SId'.
'' is not a valid SBML 'SId'.
'' is not a valid SBML 'SId'.
'' is not a valid SBML 'SId'.
'' is not a valid SBML 'SId'.
'' is not a valid SBML 'SId'.
'' is not a valid SBML 'SId'.
'' is not a valid SBML 'SId'.
'' is not a valid SBML 'SId'.
'' is not a valid SBML 'SId'.
'' is not a valid SBML 'SId'.
'' is not a valid SBML 'SId'.
'' is not a valid SBML 'SId'.
'' is not a valid SBML 'SId'.
'' is not a valid SBML 'SId'.
'' is not a valid SBML 'SId'.
'' is not a valid SBML 'SId'.
'' is not a valid SBML 'SId'.
'' is not a valid SBML 'SId'.
'' is not a valid SBML 'SId'.
'' is not a valid SBML 'SId'.
'' is not a valid SBML 'SId'.
'' is not a valid SBML 'SId'.
'' is not a valid SBML 'SId'.
'' is not a valid SBML 'SId'.
'' is not a valid SBML 'SId'.
'' is not a valid SBML 'SId'.
'' is not a valid SBML 'SId'.
'' is not a valid SBML 'SId'.
'' is not a valid SBML 'SId'.
'' is not a valid SBML 'SId'.
'' is not a valid SBML 'SId'.
'' is not a valid SBML 'SId'.
'' is not a valid SBML 'SId'.
'' is not a valid SBML 'SId'.
'' is not a valid SBML 'SId'.
'' is not a valid SBML 'SId'.
'' is not a valid SBML 'SId'.
'' is not a valid SBML 'SId'.
'' is not a valid SBML 'SId'.
'' is not a valid SBML 'SId'.
'' is not a valid SBML 'SId'.
'' is not a valid SBML 'SId'.
'' is not a valid SBML 'SId'.
'' is not a valid SBML 'SId'.
'' is not a valid SBML 'SId'.
'' is not a valid SBML 'SId'.
'' is not a valid SBML 'SId'.
'' is not a valid SBML 'SId'.
'' is not a valid SBML 'SId'.
'' is not a valid SBML 'SId'.
'' is not a valid SBML 'SId'.
'' is not a valid SBML 'SId'.
'' is not a valid SBML 'SId'.
'' is not a valid SBML 'SId'.
'' is not a valid SBML 'SId'.
'' is not a valid SBML 'SId'.
'' is not a valid SBML 'SId'.
'' is not a valid SBML 'SId'.
'' is not a valid SBML 'SId'.
'' is not a valid SBML 'SId'.
'' is not a valid SBML 'SId'.
'' is not a valid SBML 'SId'.
'' is not a valid SBML 'SId'.
'' is not a valid SBML 'SId'.
'' is not a valid SBML 'SId'.
'' is not a valid SBML 'SId'.
'' is not a valid SBML 'SId'.
'' is not a valid SBML 'SId'.
'' is not a valid SBML 'SId'.
'' is not a valid SBML 'SId'.
'' is not a valid SBML 'SId'.
'' is not a valid SBML 'SId'.
'' is not a valid SBML 'SId'.
'' is not a valid SBML 'SId'.
'' is not a valid SBML 'SId'.
'' is not a valid SBML 'SId'.
'' is not a valid SBML 'SId'.
'' is not a valid SBML 'SId'.
'' is not a valid SBML 'SId'.
'' is not a valid SBML 'SId'.
'' is not a valid SBML 'SId'.
'' is not a valid SBML 'SId'.
'' is not a valid SBML 'SId'.
'' is not a valid SBML 'SId'.
'' is not a valid SBML 'SId'.
'' is not a valid SBML 'SId'.
'' is not a valid SBML 'SId'.
'' is not a valid SBML 'SId'.
'' is not a valid SBML 'SId'.
'' is not a valid SBML 'SId'.
'' is not a valid SBML 'SId'.
'' is not a valid SBML 'SId'.
'' is not a valid SBML 'SId'.
'' is not a valid SBML 'SId'.
'' is not a valid SBML 'SId'.
'' is not a valid SBML 'SId'.
'' is not a valid SBML 'SId'.
'' is not a valid SBML 'SId'.
'' is not a valid SBML 'SId'.
'' is not a valid SBML 'SId'.
'' is not a valid SBML 'SId'.
'' is not a valid SBML 'SId'.
'' is not a valid SBML 'SId'.
'' is not a valid SBML 'SId'.
'' is not a valid SBML 'SId'.
'' is not a valid SBML 'SId'.
'' is not a valid SBML 'SId'.
'' is not a valid SBML 'SId'.
'' is not a valid SBML 'SId'.
'' is not a valid SBML 'SId'.
'' is not a valid SBML 'SId'.
'' is not a valid SBML 'SId'.
'' is not a valid SBML 'SId'.
'' is not a valid SBML 'SId'.
'' is not a valid SBML 'SId'.
'' is not a valid SBML 'SId'.
'' is not a valid SBML 'SId'.
'' is not a valid SBML 'SId'.
'' is not a valid SBML 'SId'.
'' is not a valid SBML 'SId'.
'' is not a valid SBML 'SId'.
'' is not a valid SBML 'SId'.
'' is not a valid SBML 'SId'.
'' is not a valid SBML 'SId'.
'' is not a valid SBML 'SId'.
'' is not a valid SBML 'SId'.
'' is not a valid SBML 'SId'.
'' is not a valid SBML 'SId'.
'' is not a valid SBML 'SId'.
'' is not a valid SBML 'SId'.
'' is not a valid SBML 'SId'.
'' is not a valid SBML 'SId'.
'' is not a valid SBML 'SId'.
'' is not a valid SBML 'SId'.
'' is not a valid SBML 'SId'.
'' is not a valid SBML 'SId'.
'' is not a valid SBML 'SId'.
'' is not a valid SBML 'SId'.
'' is not a valid SBML 'SId'.
'' is not a valid SBML 'SId'.
'' is not a valid SBML 'SId'.
'' is not a valid SBML 'SId'.
'' is not a valid SBML 'SId'.
'' is not a valid SBML 'SId'.
'' is not a valid SBML 'SId'.
'' is not a valid SBML 'SId'.
'' is not a valid SBML 'SId'.
'' is not a valid SBML 'SId'.
'' is not a valid SBML 'SId'.
'' is not a valid SBML 'SId'.
'' is not a valid SBML 'SId'.
'' is not a valid SBML 'SId'.
'' is not a valid SBML 'SId'.
'' is not a valid SBML 'SId'.
'' is not a valid SBML 'SId'.
'' is not a valid SBML 'SId'.
'' is not a valid SBML 'SId'.
'' is not a valid SBML 'SId'.
'' is not a valid SBML 'SId'.
'' is not a valid SBML 'SId'.
'' is not a valid SBML 'SId'.
'' is not a valid SBML 'SId'.
'' is not a valid SBML 'SId'.
'' is not a valid SBML 'SId'.
'' is not a valid SBML 'SId'.
'' is not a valid SBML 'SId'.
'' is not a valid SBML 'SId'.
'' is not a valid SBML 'SId'.
'' is not a valid SBML 'SId'.
'' is not a valid SBML 'SId'.
'' is not a valid SBML 'SId'.
'' is not a valid SBML 'SId'.
'' is not a valid SBML 'SId'.
'' is not a valid SBML 'SId'.
'' is not a valid SBML 'SId'.
'' is not a valid SBML 'SId'.
'' is not a valid SBML 'SId'.
'' is not a valid SBML 'SId'.
'' is not a valid SBML 'SId'.
'' is not a valid SBML 'SId'.
'' is not a valid SBML 'SId'.
'' is not a valid SBML 'SId'.
'' is not a valid SBML 'SId'.
'' is not a valid SBML 'SId'.
'' is not a valid SBML 'SId'.
'' is not a valid SBML 'SId'.
'' is not a valid SBML 'SId'.
'' is not a valid SBML 'SId'.
'' is not a valid SBML 'SId'.
'' is not a valid SBML 'SId'.
'' is not a valid SBML 'SId'.
'' is not a valid SBML 'SId'.
'' is not a valid SBML 'SId'.
'' is not a valid SBML 'SId'.
'' is not a valid SBML 'SId'.
'' is not a valid SBML 'SId'.
'' is not a valid SBML 'SId'.
'' is not a valid SBML 'SId'.
'' is not a valid SBML 'SId'.
'' is not a valid SBML 'SId'.
'' is not a valid SBML 'SId'.
'' is not a valid SBML 'SId'.
'' is not a valid SBML 'SId'.
'' is not a valid SBML 'SId'.
'' is not a valid SBML 'SId'.
'' is not a valid SBML 'SId'.
'' is not a valid SBML 'SId'.
'' is not a valid SBML 'SId'.
'' is not a valid SBML 'SId'.
'' is not a valid SBML 'SId'.
'' is not a valid SBML 'SId'.
'' is not a valid SBML 'SId'.
'' is not a valid SBML 'SId'.
'' is not a valid SBML 'SId'.
'' is not a valid SBML 'SId'.
'' is not a valid SBML 'SId'.
'' is not a valid SBML 'SId'.
'' is not a valid SBML 'SId'.
'' is not a valid SBML 'SId'.
'' is not a valid SBML 'SId'.
'' is not a valid SBML 'SId'.
'' is not a valid SBML 'SId'.
'' is not a valid SBML 'SId'.
'' is not a valid SBML 'SId'.
'' is not a valid SBML 'SId'.
'' is not a valid SBML 'SId'.
'' is not a valid SBML 'SId'.
'' is not a valid SBML 'SId'.
'' is not a valid SBML 'SId'.
'' is not a valid SBML 'SId'.
'' is not a valid SBML 'SId'.
'' is not a valid SBML 'SId'.
'' is not a valid SBML 'SId'.
'' is not a valid SBML 'SId'.
'' is not a valid SBML 'SId'.
'' is not a valid SBML 'SId'.
'' is not a valid SBML 'SId'.
'' is not a valid SBML 'SId'.
'' is not a valid SBML 'SId'.
'' is not a valid SBML 'SId'.
'' is not a valid SBML 'SId'.
'' is not a valid SBML 'SId'.
'' is not a valid SBML 'SId'.
'' is not a valid SBML 'SId'.
'' is not a valid SBML 'SId'.
'' is not a valid SBML 'SId'.
'' is not a valid SBML 'SId'.
'' is not a valid SBML 'SId'.
'' is not a valid SBML 'SId'.
'' is not a valid SBML 'SId'.
'' is not a valid SBML 'SId'.
'' is not a valid SBML 'SId'.
'' is not a valid SBML 'SId'.
'' is not a valid SBML 'SId'.
'' is not a valid SBML 'SId'.
'' is not a valid SBML 'SId'.
'' is not a valid SBML 'SId'.
'' is not a valid SBML 'SId'.
'' is not a valid SBML 'SId'.
'' is not a valid SBML 'SId'.
'' is not a valid SBML 'SId'.
'' is not a valid SBML 'SId'.
'' is not a valid SBML 'SId'.
'' is not a valid SBML 'SId'.
'' is not a valid SBML 'SId'.
'' is not a valid SBML 'SId'.
'' is not a valid SBML 'SId'.
'' is not a valid SBML 'SId'.
'' is not a valid SBML 'SId'.
'' is not a valid SBML 'SId'.
'' is not a valid SBML 'SId'.
'' is not a valid SBML 'SId'.
'' is not a valid SBML 'SId'.
'' is not a valid SBML 'SId'.
'' is not a valid SBML 'SId'.
'' is not a valid SBML 'SId'.
'' is not a valid SBML 'SId'.
'' is not a valid SBML 'SId'.
'' is not a valid SBML 'SId'.
'' is not a valid SBML 'SId'.
'' is not a valid SBML 'SId'.
'' is not a valid SBML 'SId'.
'' is not a valid SBML 'SId'.
'' is not a valid SBML 'SId'.
'' is not a valid SBML 'SId'.
'' is not a valid SBML 'SId'.
'' is not a valid SBML 'SId'.
'' is not a valid SBML 'SId'.
'' is not a valid SBML 'SId'.
'' is not a valid SBML 'SId'.
'' is not a valid SBML 'SId'.
'' is not a valid SBML 'SId'.
'' is not a valid SBML 'SId'.
'' is not a valid SBML 'SId'.
'' is not a valid SBML 'SId'.
'' is not a valid SBML 'SId'.
'' is not a valid SBML 'SId'.
'' is not a valid SBML 'SId'.
'' is not a valid SBML 'SId'.
'' is not a valid SBML 'SId'.
'' is not a valid SBML 'SId'.
'' is not a valid SBML 'SId'.
'' is not a valid SBML 'SId'.
'' is not a valid SBML 'SId'.
'' is not a valid SBML 'SId'.
'' is not a valid SBML 'SId'.
'' is not a valid SBML 'SId'.
'' is not a valid SBML 'SId'.
'' is not a valid SBML 'SId'.
'' is not a valid SBML 'SId'.
'' is not a valid SBML 'SId'.
'' is not a valid SBML 'SId'.
'' is not a valid SBML 'SId'.
'' is not a valid SBML 'SId'.
'' is not a valid SBML 'SId'.
'' is not a valid SBML 'SId'.
'' is not a valid SBML 'SId'.
'' is not a valid SBML 'SId'.
'' is not a valid SBML 'SId'.
'' is not a valid SBML 'SId'.
'' is not a valid SBML 'SId'.
'' is not a valid SBML 'SId'.
'' is not a valid SBML 'SId'.
'' is not a valid SBML 'SId'.
'' is not a valid SBML 'SId'.
'' is not a valid SBML 'SId'.
'' is not a valid SBML 'SId'.
'' is not a valid SBML 'SId'.
'' is not a valid SBML 'SId'.
'' is not a valid SBML 'SId'.
'' is not a valid SBML 'SId'.
'' is not a valid SBML 'SId'.
'' is not a valid SBML 'SId'.
'' is not a valid SBML 'SId'.
'' is not a valid SBML 'SId'.
'' is not a valid SBML 'SId'.
'' is not a valid SBML 'SId'.
'' is not a valid SBML 'SId'.
'' is not a valid SBML 'SId'.
'' is not a valid SBML 'SId'.
'' is not a valid SBML 'SId'.
'' is not a valid SBML 'SId'.
'' is not a valid SBML 'SId'.
'' is not a valid SBML 'SId'.
'' is not a valid SBML 'SId'.
'' is not a valid SBML 'SId'.
'' is not a valid SBML 'SId'.
'' is not a valid SBML 'SId'.
'' is not a valid SBML 'SId'.
'' is not a valid SBML 'SId'.
'' is not a valid SBML 'SId'.
'' is not a valid SBML 'SId'.
'' is not a valid SBML 'SId'.
'' is not a valid SBML 'SId'.
'' is not a valid SBML 'SId'.
'' is not a valid SBML 'SId'.
'' is not a valid SBML 'SId'.
'' is not a valid SBML 'SId'.
'' is not a valid SBML 'SId'.
'' is not a valid SBML 'SId'.
'' is not a valid SBML 'SId'.
'' is not a valid SBML 'SId'.
'' is not a valid SBML 'SId'.
'' is not a valid SBML 'SId'.
'' is not a valid SBML 'SId'.
'' is not a valid SBML 'SId'.
'' is not a valid SBML 'SId'.
'' is not a valid SBML 'SId'.
'' is not a valid SBML 'SId'.
'' is not a valid SBML 'SId'.
'' is not a valid SBML 'SId'.
'' is not a valid SBML 'SId'.
'' is not a valid SBML 'SId'.
'' is not a valid SBML 'SId'.
'' is not a valid SBML 'SId'.
'' is not a valid SBML 'SId'.
'' is not a valid SBML 'SId'.
'' is not a valid SBML 'SId'.
'' is not a valid SBML 'SId'.
'' is not a valid SBML 'SId'.
'' is not a valid SBML 'SId'.
'' is not a valid SBML 'SId'.
'' is not a valid SBML 'SId'.
'' is not a valid SBML 'SId'.
'' is not a valid SBML 'SId'.
'' is not a valid SBML 'SId'.
'' is not a valid SBML 'SId'.
'' is not a valid SBML 'SId'.
'' is not a valid SBML 'SId'.
'' is not a valid SBML 'SId'.
'' is not a valid SBML 'SId'.
'' is not a valid SBML 'SId'.
'' is not a valid SBML 'SId'.
'' is not a valid SBML 'SId'.
'' is not a valid SBML 'SId'.
'' is not a valid SBML 'SId'.
'' is not a valid SBML 'SId'.
'' is not a valid SBML 'SId'.
'' is not a valid SBML 'SId'.
'' is not a valid SBML 'SId'.
'' is not a valid SBML 'SId'.
'' is not a valid SBML 'SId'.
'' is not a valid SBML 'SId'.
'' is not a valid SBML 'SId'.
'' is not a valid SBML 'SId'.
'' is not a valid SBML 'SId'.
'' is not a valid SBML 'SId'.
'' is not a valid SBML 'SId'.
'' is not a valid SBML 'SId'.
'' is not a valid SBML 'SId'.
'' is not a valid SBML 'SId'.
'' is not a valid SBML 'SId'.
'' is not a valid SBML 'SId'.
'' is not a valid SBML 'SId'.
'' is not a valid SBML 'SId'.
'' is not a valid SBML 'SId'.
'' is not a valid SBML 'SId'.
'' is not a valid SBML 'SId'.
'' is not a valid SBML 'SId'.
'' is not a valid SBML 'SId'.
'' is not a valid SBML 'SId'.
'' is not a valid SBML 'SId'.
'' is not a valid SBML 'SId'.
'' is not a valid SBML 'SId'.
  Progress: 100/6840 (127s elapsed, ~8565s remaining, 0 failures)
  Progress: 200/6840 (238s elapsed, ~7905s remaining, 0 failures)
  Progress: 300/6840 (351s elapsed, ~7650s remaining, 0 failures)
  Progress: 400/6840 (422s elapsed, ~6797s remaining, 0 failures)
  Progress: 500/6840 (440s elapsed, ~5574s remaining, 0 failures)
  Progress: 600/6840 (454s elapsed, ~4722s remaining, 0 failures)
  Progress: 700/6840 (506s elapsed, ~4442s remaining, 0 failures)
  Progress: 800/6840 (610s elapsed, ~4603s remaining, 0 failures)
  Progress: 900/6840 (696s elapsed, ~4596s remaining, 0 failures)
  Progress: 1000/6840 (795s elapsed, ~4643s remaining, 0 failures)
  Progress: 1100/6840 (909s elapsed, ~4745s remaining, 0 failures)
  Progress: 1200/6840 (951s elapsed, ~4468s remaining, 0 failures)
  Progress: 1300/6840 (966s elapsed, ~4116s remaining, 0 failures)
  Progress: 1400/6840 (1078s elapsed, ~4188s remaining, 0 failures)
  Progress: 1500/6840 (1176s elapsed, ~4187s remaining, 0 failures)
  Progress: 1600/6840 (1268s elapsed, ~4152s remaining, 0 failures)
  Progress: 1700/6840 (1379s elapsed, ~4169s remaining, 0 failures)
  Progress: 1800/6840 (1498s elapsed, ~4195s remaining, 0 failures)
  Progress: 1900/6840 (1603s elapsed, ~4168s remaining, 0 failures)
  Progress: 2000/6840 (1721s elapsed, ~4165s remaining, 0 failures)
  Progress: 2100/6840 (1816s elapsed, ~4098s remaining, 0 failures)
  Progress: 2200/6840 (1939s elapsed, ~4090s remaining, 0 failures)
  Progress: 2300/6840 (2051s elapsed, ~4048s remaining, 0 failures)
  Progress: 2400/6840 (2159s elapsed, ~3995s remaining, 0 failures)
  Progress: 2500/6840 (2267s elapsed, ~3935s remaining, 0 failures)
  Progress: 2600/6840 (2384s elapsed, ~3888s remaining, 0 failures)
  Progress: 2700/6840 (2450s elapsed, ~3756s remaining, 0 failures)
  Progress: 2800/6840 (2501s elapsed, ~3609s remaining, 0 failures)
  Progress: 2900/6840 (2606s elapsed, ~3540s remaining, 0 failures)
  Progress: 3000/6840 (2721s elapsed, ~3483s remaining, 0 failures)
  Progress: 3100/6840 (2823s elapsed, ~3406s remaining, 0 failures)
  Progress: 3200/6840 (2878s elapsed, ~3274s remaining, 0 failures)
  Progress: 3300/6840 (2990s elapsed, ~3207s remaining, 0 failures)
  Progress: 3400/6840 (3071s elapsed, ~3107s remaining, 0 failures)
  Progress: 3500/6840 (3197s elapsed, ~3050s remaining, 0 failures)
  Progress: 3600/6840 (3305s elapsed, ~2974s remaining, 0 failures)
  Progress: 3700/6840 (3428s elapsed, ~2910s remaining, 0 failures)
  Progress: 3800/6840 (3504s elapsed, ~2803s remaining, 0 failures)
  Progress: 3900/6840 (3523s elapsed, ~2656s remaining, 0 failures)
  Progress: 4000/6840 (3573s elapsed, ~2537s remaining, 0 failures)
  Progress: 4100/6840 (3700s elapsed, ~2473s remaining, 0 failures)
  Progress: 4200/6840 (3774s elapsed, ~2372s remaining, 0 failures)
  Progress: 4300/6840 (3790s elapsed, ~2239s remaining, 0 failures)
  Progress: 4400/6840 (3827s elapsed, ~2122s remaining, 0 failures)
  Progress: 4500/6840 (3909s elapsed, ~2033s remaining, 0 failures)
  Progress: 4600/6840 (4020s elapsed, ~1958s remaining, 0 failures)
  Progress: 4700/6840 (4139s elapsed, ~1885s remaining, 0 failures)
  Progress: 4800/6840 (4209s elapsed, ~1789s remaining, 0 failures)
  Progress: 4900/6840 (4260s elapsed, ~1687s remaining, 0 failures)
  Progress: 5000/6840 (4356s elapsed, ~1603s remaining, 0 failures)
  Progress: 5100/6840 (4436s elapsed, ~1513s remaining, 0 failures)
  Progress: 5200/6840 (4552s elapsed, ~1436s remaining, 0 failures)
  Progress: 5300/6840 (4639s elapsed, ~1348s remaining, 0 failures)
  Progress: 5400/6840 (4678s elapsed, ~1247s remaining, 0 failures)
  Progress: 5500/6840 (4744s elapsed, ~1156s remaining, 0 failures)
  Progress: 5600/6840 (4838s elapsed, ~1071s remaining, 0 failures)
  Progress: 5700/6840 (4921s elapsed, ~984s remaining, 0 failures)
  Progress: 5800/6840 (5025s elapsed, ~901s remaining, 0 failures)
  Progress: 5900/6840 (5113s elapsed, ~815s remaining, 0 failures)
  Progress: 6000/6840 (5207s elapsed, ~729s remaining, 0 failures)
  Progress: 6100/6840 (5313s elapsed, ~644s remaining, 0 failures)
  Progress: 6200/6840 (5427s elapsed, ~560s remaining, 0 failures)
  Progress: 6300/6840 (5508s elapsed, ~472s remaining, 0 failures)
  Progress: 6400/6840 (5542s elapsed, ~381s remaining, 0 failures)
  Progress: 6500/6840 (5563s elapsed, ~291s remaining, 0 failures)
  Progress: 6600/6840 (5577s elapsed, ~203s remaining, 0 failures)
  Progress: 6700/6840 (5644s elapsed, ~118s remaining, 0 failures)
  Progress: 6800/6840 (5736s elapsed, ~34s remaining, 0 failures)
  Progress: 6840/6840 (5788s elapsed, ~0s remaining, 0 failures)

Combined results: /home/freiburger/Documents/smetana/kchip_smetana_results/all_detailed.csv (1725246 rows)

Done. 6840 jobs completed in 5801s, 0 failures.
